<?xml version="1.0" encoding="UTF-8"?>
<!-- Generated by org.testng.reporters.JUnitReportReporter -->
<testsuite hostname="PI-LT-4467L" failures="0" tests="4" name="Framework.Basics" time="6.682" errors="0" timestamp="2022-08-24T15:33:42 IST" skipped="3">
  <testcase classname="Framework.Basics" name="Swipe" time="6.682"/>
  <system-out/>
  <testcase classname="Framework.Basics" name="WiFiSettingName">
    <skipped/>
  </testcase> <!-- WiFiSettingName -->
  <system-out/>
  <testcase classname="Framework.Basics" name="scroll">
    <skipped/>
  </testcase> <!-- scroll -->
  <system-out/>
  <testcase classname="Framework.Basics" name="longPressGesture">
    <skipped/>
  </testcase> <!-- longPressGesture -->
  <system-out/>
</testsuite> <!-- Framework.Basics -->
